  Enemy.cpp
C:\Egor\Programming\CFU_Project\Cli-Serv TD Slobodskoy\TD Slobodskoy Client\Classes\Enemy.cpp(82,38): warning C4244: =: преобразование "double" в "float", возможна потеря данных
  Entity.cpp
C:\Egor\Programming\CFU_Project\Cli-Serv TD Slobodskoy\TD Slobodskoy Client\Classes\Entity.cpp(27,37): warning C4244: аргумент: преобразование "int" в "float", возможна потеря данных
C:\Egor\Programming\CFU_Project\Cli-Serv TD Slobodskoy\TD Slobodskoy Client\Classes\Entity.cpp(27,25): warning C4244: аргумент: преобразование "int" в "float", возможна потеря данных
C:\Egor\Programming\CFU_Project\Cli-Serv TD Slobodskoy\TD Slobodskoy Client\Classes\Entity.cpp(38,52): warning C4244: аргумент: преобразование "int" в "T", возможна потеря данных
          with
          [
              T=float
          ]
C:\Egor\Programming\CFU_Project\Cli-Serv TD Slobodskoy\TD Slobodskoy Client\Classes\Entity.cpp(38,45): warning C4244: аргумент: преобразование "int" в "T", возможна потеря данных
          with
          [
              T=float
          ]
  Projectale.cpp
  Scene.cpp
  Tower.cpp
  EnemiesFactory.cpp
  TowersFactory.cpp
  main - Client.cpp
C:\Egor\Programming\CFU_Project\Cli-Serv TD Slobodskoy\TD Slobodskoy Client\View.h(21,24): warning C4018: >: несоответствие типов со знаком и без знака
C:\Egor\Programming\CFU_Project\Cli-Serv TD Slobodskoy\TD Slobodskoy Client\View.h(26,24): warning C4018: >: несоответствие типов со знаком и без знака
C:\Egor\Programming\CFU_Project\Cli-Serv TD Slobodskoy\TD Slobodskoy Client\View.h(36,17): warning C4244: аргумент: преобразование "double" в "float", возможна потеря данных
C:\Egor\Programming\CFU_Project\Cli-Serv TD Slobodskoy\TD Slobodskoy Client\View.h(40,20): warning C4244: аргумент: преобразование "double" в "float", возможна потеря данных
C:\Egor\Programming\CFU_Project\Cli-Serv TD Slobodskoy\TD Slobodskoy Client\View.h(44,18): warning C4244: аргумент: преобразование "double" в "float", возможна потеря данных
C:\Egor\Programming\CFU_Project\Cli-Serv TD Slobodskoy\TD Slobodskoy Client\View.h(48,21): warning C4244: аргумент: преобразование "double" в "float", возможна потеря данных
C:\Egor\Programming\CFU_Project\Cli-Serv TD Slobodskoy\TD Slobodskoy Client\main - Client.cpp(129,68): warning C4244: =: преобразование "float" в "int", возможна потеря данных
C:\Egor\Programming\CFU_Project\Cli-Serv TD Slobodskoy\TD Slobodskoy Client\main - Client.cpp(168,17): warning C4551: в вызове функции отсутствует список аргументов
  map.cpp
C:\Egor\Programming\CFU_Project\Cli-Serv TD Slobodskoy\TD Slobodskoy Client\map.cpp(35,36): warning C4244: аргумент: преобразование "int" в "float", возможна потеря данных
C:\Egor\Programming\CFU_Project\Cli-Serv TD Slobodskoy\TD Slobodskoy Client\map.cpp(35,28): warning C4244: аргумент: преобразование "int" в "float", возможна потеря данных
  Создание кода...
  TD Slobodskoy Client.vcxproj -> C:\Egor\Programming\CFU_Project\Cli-Serv TD Slobodskoy\TD Slobodskoy Client\Debug\TD Slobodskoy Client.exe
