  main.cpp
C:\Egor\Programming\CFU_Project\TowerDeffenceSLobodskoy (Классы раскиданы по файлам)\View.h(14,47): warning C4244: аргумент: преобразование "double" в "float", возможна потеря данных
C:\Egor\Programming\CFU_Project\TowerDeffenceSLobodskoy (Классы раскиданы по файлам)\View.h(15,24): warning C4018: >: несоответствие типов со знаком и без знака
C:\Egor\Programming\CFU_Project\TowerDeffenceSLobodskoy (Классы раскиданы по файлам)\View.h(15,67): warning C4244: аргумент: преобразование "double" в "float", возможна потеря данных
C:\Egor\Programming\CFU_Project\TowerDeffenceSLobodskoy (Классы раскиданы по файлам)\View.h(18,24): warning C4018: >: несоответствие типов со знаком и без знака
C:\Egor\Programming\CFU_Project\TowerDeffenceSLobodskoy (Классы раскиданы по файлам)\View.h(18,70): warning C4244: аргумент: преобразование "double" в "float", возможна потеря данных
C:\Egor\Programming\CFU_Project\TowerDeffenceSLobodskoy (Классы раскиданы по файлам)\View.h(19,50): warning C4244: аргумент: преобразование "double" в "float", возможна потеря данных
C:\Egor\Programming\CFU_Project\TowerDeffenceSLobodskoy (Классы раскиданы по файлам)\View.h(25,18): warning C4244: аргумент: преобразование "double" в "float", возможна потеря данных
C:\Egor\Programming\CFU_Project\TowerDeffenceSLobodskoy (Классы раскиданы по файлам)\View.h(29,21): warning C4244: аргумент: преобразование "double" в "float", возможна потеря данных
C:\Egor\Programming\CFU_Project\TowerDeffenceSLobodskoy (Классы раскиданы по файлам)\View.h(33,19): warning C4244: аргумент: преобразование "double" в "float", возможна потеря данных
C:\Egor\Programming\CFU_Project\TowerDeffenceSLobodskoy (Классы раскиданы по файлам)\View.h(36,22): warning C4244: аргумент: преобразование "double" в "float", возможна потеря данных
C:\Egor\Programming\CFU_Project\TowerDeffenceSLobodskoy (Классы раскиданы по файлам)\MapClass.h(47,37): warning C4244: аргумент: преобразование "int" в "float", возможна потеря данных
C:\Egor\Programming\CFU_Project\TowerDeffenceSLobodskoy (Классы раскиданы по файлам)\MapClass.h(47,29): warning C4244: аргумент: преобразование "int" в "float", возможна потеря данных
C:\Egor\Programming\CFU_Project\TowerDeffenceSLobodskoy (Классы раскиданы по файлам)\map.h(23,36): warning C4244: аргумент: преобразование "int" в "float", возможна потеря данных
C:\Egor\Programming\CFU_Project\TowerDeffenceSLobodskoy (Классы раскиданы по файлам)\map.h(23,28): warning C4244: аргумент: преобразование "int" в "float", возможна потеря данных
C:\Egor\Programming\CFU_Project\TowerDeffenceSLobodskoy (Классы раскиданы по файлам)\main.cpp(91,63): warning C4244: аргумент: преобразование "double" в "int", возможна потеря данных
C:\Egor\Programming\CFU_Project\TowerDeffenceSLobodskoy (Классы раскиданы по файлам)\main.cpp(91,57): warning C4244: аргумент: преобразование "double" в "int", возможна потеря данных
C:\Egor\Programming\CFU_Project\TowerDeffenceSLobodskoy (Классы раскиданы по файлам)\main.cpp(92,95): error C2664: "Enemy::Enemy(Enemy &&)": невозможно преобразовать аргумент 7 из "const int" в "int &"
C:\Egor\Programming\CFU_Project\TowerDeffenceSLobodskoy (Классы раскиданы по файлам)\main.cpp(92,82): message : В результате преобразования теряются квалификаторы
C:\Egor\Programming\CFU_Project\TowerDeffenceSLobodskoy (Классы раскиданы по файлам)\Classes\Enemy.h(14,2): message : см. объявление "Enemy::Enemy"
C:\Egor\Programming\CFU_Project\TowerDeffenceSLobodskoy (Классы раскиданы по файлам)\main.cpp(100,14): warning C4244: инициализация: преобразование "sf::Int64" в "float", возможна потеря данных
C:\Egor\Programming\CFU_Project\TowerDeffenceSLobodskoy (Классы раскиданы по файлам)\main.cpp(101,68): warning C4244: =: преобразование "float" в "int", возможна потеря данных
C:\Egor\Programming\CFU_Project\TowerDeffenceSLobodskoy (Классы раскиданы по файлам)\main.cpp(102,24): warning C4305: аргумент: усечение из "double" в "float"
