  Enemy.cpp
C:\Egor\Programming\CFU_Project\Cli-Serv TD Slobodskoy\TD Slobodskoy Client - не работает\Classes\Enemy.cpp(54,16): error C2065: path: необъявленный идентификатор
C:\Egor\Programming\CFU_Project\Cli-Serv TD Slobodskoy\TD Slobodskoy Client - не работает\Classes\Enemy.cpp(54,39): error C2065: path: необъявленный идентификатор
C:\Egor\Programming\CFU_Project\Cli-Serv TD Slobodskoy\TD Slobodskoy Client - не работает\Classes\Enemy.cpp(82,38): warning C4244: =: преобразование "double" в "float", возможна потеря данных
C:\Egor\Programming\CFU_Project\Cli-Serv TD Slobodskoy\TD Slobodskoy Client - не работает\Classes\Enemy.cpp(89,22): error C2065: points: необъявленный идентификатор
  Entity.cpp
C:\Egor\Programming\CFU_Project\Cli-Serv TD Slobodskoy\TD Slobodskoy Client - не работает\Classes\Entity.cpp(27,37): warning C4244: аргумент: преобразование "int" в "float", возможна потеря данных
C:\Egor\Programming\CFU_Project\Cli-Serv TD Slobodskoy\TD Slobodskoy Client - не работает\Classes\Entity.cpp(27,25): warning C4244: аргумент: преобразование "int" в "float", возможна потеря данных
C:\Egor\Programming\CFU_Project\Cli-Serv TD Slobodskoy\TD Slobodskoy Client - не работает\Classes\Entity.cpp(38,52): warning C4244: аргумент: преобразование "int" в "T", возможна потеря данных
          with
          [
              T=float
          ]
C:\Egor\Programming\CFU_Project\Cli-Serv TD Slobodskoy\TD Slobodskoy Client - не работает\Classes\Entity.cpp(38,45): warning C4244: аргумент: преобразование "int" в "T", возможна потеря данных
          with
          [
              T=float
          ]
  Projectale.cpp
  Scene.cpp
  Tower.cpp
  main - Client.cpp
C:\Egor\Programming\CFU_Project\Cli-Serv TD Slobodskoy\TD Slobodskoy Client - не работает\View.h(21,24): warning C4018: >: несоответствие типов со знаком и без знака
C:\Egor\Programming\CFU_Project\Cli-Serv TD Slobodskoy\TD Slobodskoy Client - не работает\View.h(26,24): warning C4018: >: несоответствие типов со знаком и без знака
C:\Egor\Programming\CFU_Project\Cli-Serv TD Slobodskoy\TD Slobodskoy Client - не работает\View.h(36,17): warning C4244: аргумент: преобразование "double" в "float", возможна потеря данных
C:\Egor\Programming\CFU_Project\Cli-Serv TD Slobodskoy\TD Slobodskoy Client - не работает\View.h(40,20): warning C4244: аргумент: преобразование "double" в "float", возможна потеря данных
C:\Egor\Programming\CFU_Project\Cli-Serv TD Slobodskoy\TD Slobodskoy Client - не работает\View.h(44,18): warning C4244: аргумент: преобразование "double" в "float", возможна потеря данных
C:\Egor\Programming\CFU_Project\Cli-Serv TD Slobodskoy\TD Slobodskoy Client - не работает\View.h(48,21): warning C4244: аргумент: преобразование "double" в "float", возможна потеря данных
C:\Egor\Programming\CFU_Project\Cli-Serv TD Slobodskoy\TD Slobodskoy Client - не работает\main - Client.cpp(86,27): error C2059: синтаксическая ошибка: ;
C:\Egor\Programming\CFU_Project\Cli-Serv TD Slobodskoy\TD Slobodskoy Client - не работает\main - Client.cpp(88,26): error C2059: синтаксическая ошибка: ;
C:\Egor\Programming\CFU_Project\Cli-Serv TD Slobodskoy\TD Slobodskoy Client - не работает\main - Client.cpp(90,25): error C2059: синтаксическая ошибка: ;
C:\Egor\Programming\CFU_Project\Cli-Serv TD Slobodskoy\TD Slobodskoy Client - не работает\main - Client.cpp(92,23): error C2059: синтаксическая ошибка: ;
C:\Egor\Programming\CFU_Project\Cli-Serv TD Slobodskoy\TD Slobodskoy Client - не работает\main - Client.cpp(95,33): error C2059: синтаксическая ошибка: ;
C:\Egor\Programming\CFU_Project\Cli-Serv TD Slobodskoy\TD Slobodskoy Client - не работает\main - Client.cpp(108,54): error C2059: синтаксическая ошибка: ;
C:\Egor\Programming\CFU_Project\Cli-Serv TD Slobodskoy\TD Slobodskoy Client - не работает\main - Client.cpp(111,74): error C2059: синтаксическая ошибка: ;
C:\Egor\Programming\CFU_Project\Cli-Serv TD Slobodskoy\TD Slobodskoy Client - не работает\main - Client.cpp(149,17): warning C4551: в вызове функции отсутствует список аргументов
C:\Egor\Programming\CFU_Project\Cli-Serv TD Slobodskoy\TD Slobodskoy Client - не работает\main - Client.cpp(159,30): error C2065: TileMap: необъявленный идентификатор
C:\Egor\Programming\CFU_Project\Cli-Serv TD Slobodskoy\TD Slobodskoy Client - не работает\main - Client.cpp(159,39): error C2065: heighMap: необъявленный идентификатор
C:\Egor\Programming\CFU_Project\Cli-Serv TD Slobodskoy\TD Slobodskoy Client - не работает\main - Client.cpp(159,49): error C2065: widthMap: необъявленный идентификатор
  drawMap.cpp
C:\Egor\Programming\CFU_Project\Cli-Serv TD Slobodskoy\TD Slobodskoy Client - не работает\drawMap.cpp(35,36): warning C4244: аргумент: преобразование "int" в "float", возможна потеря данных
C:\Egor\Programming\CFU_Project\Cli-Serv TD Slobodskoy\TD Slobodskoy Client - не работает\drawMap.cpp(35,28): warning C4244: аргумент: преобразование "int" в "float", возможна потеря данных
  Создание кода...
