c:\egor\programming\cfu_project\towerdeffenceslobodskoy\debug\vc142.pdb
c:\egor\programming\cfu_project\towerdeffenceslobodskoy\debug\vc142.idb
c:\egor\programming\cfu_project\towerdeffenceslobodskoy\debug\main.obj
c:\egor\programming\cfu_project\towerdeffenceslobodskoy - ещё не то\debug\vc142.pdb
c:\egor\programming\cfu_project\towerdeffenceslobodskoy - ещё не то\debug\vc142.idb
c:\egor\programming\cfu_project\towerdeffenceslobodskoy - ещё не то\debug\main.obj
c:\egor\programming\cfu_project\towerdeffenceslobodskoy\debug\tower.obj
c:\egor\programming\cfu_project\towerdeffenceslobodskoy\debug\enemy.obj
c:\egor\programming\cfu_project\towerdeffenceslobodskoy\debug\projectale.obj
c:\egor\programming\cfu_project\towerdeffenceslobodskoy\debug\entity.obj
c:\egor\programming\cfu_project\towerdeffenceslobodskoy (классы раскиданы по файлам)\debug\vc142.pdb
c:\egor\programming\cfu_project\towerdeffenceslobodskoy (классы раскиданы по файлам)\debug\vc142.idb
c:\egor\programming\cfu_project\towerdeffenceslobodskoy (классы раскиданы по файлам)\debug\tower.obj
c:\egor\programming\cfu_project\towerdeffenceslobodskoy (классы раскиданы по файлам)\debug\projectale.obj
c:\egor\programming\cfu_project\towerdeffenceslobodskoy (классы раскиданы по файлам)\debug\entity.obj
c:\egor\programming\cfu_project\towerdeffenceslobodskoy (классы раскиданы по файлам)\debug\enemy.obj
c:\egor\programming\cfu_project\towerdeffenceslobodskoy\debug\enemiesfactory.obj
c:\egor\programming\cfu_project\towerdeffenceslobodskoy\debug\map.obj
c:\egor\programming\cfu_project\towerdeffenceslobodskoy\debug\level1.obj
c:\egor\programming\cfu_project\towerdeffenceslobodskoy\debug\level_1.obj
c:\egor\programming\cfu_project\towerdeffenceslobodskoy - ещё не то\debug\towerdeffenceslobodskoy.exe
c:\egor\programming\cfu_project\towerdeffenceslobodskoy - ещё не то\debug\towerdeffenceslobodskoy.ilk
c:\egor\programming\cfu_project\towerdeffenceslobodskoy - ещё не то\debug\towerdeffenceslobodskoy.pdb
c:\egor\programming\cfu_project\towerdeffenceslobodskoy\debug\towerdef.b3b881ec.tlog\cl.command.1.tlog
c:\egor\programming\cfu_project\towerdeffenceslobodskoy\debug\towerdef.b3b881ec.tlog\cl.read.1.tlog
c:\egor\programming\cfu_project\towerdeffenceslobodskoy\debug\towerdef.b3b881ec.tlog\cl.write.1.tlog
c:\egor\programming\cfu_project\towerdeffenceslobodskoy\debug\towerdef.b3b881ec.tlog\link-cvtres.read.1.tlog
c:\egor\programming\cfu_project\towerdeffenceslobodskoy\debug\towerdef.b3b881ec.tlog\link-cvtres.write.1.tlog
c:\egor\programming\cfu_project\towerdeffenceslobodskoy\debug\towerdef.b3b881ec.tlog\link-rc.read.1.tlog
c:\egor\programming\cfu_project\towerdeffenceslobodskoy\debug\towerdef.b3b881ec.tlog\link-rc.write.1.tlog
c:\egor\programming\cfu_project\towerdeffenceslobodskoy\debug\towerdef.b3b881ec.tlog\link.7988-cvtres.read.1.tlog
c:\egor\programming\cfu_project\towerdeffenceslobodskoy\debug\towerdef.b3b881ec.tlog\link.7988-cvtres.write.1.tlog
c:\egor\programming\cfu_project\towerdeffenceslobodskoy\debug\towerdef.b3b881ec.tlog\link.7988-rc.read.1.tlog
c:\egor\programming\cfu_project\towerdeffenceslobodskoy\debug\towerdef.b3b881ec.tlog\link.7988-rc.write.1.tlog
c:\egor\programming\cfu_project\towerdeffenceslobodskoy\debug\towerdef.b3b881ec.tlog\link.7988.read.1.tlog
c:\egor\programming\cfu_project\towerdeffenceslobodskoy\debug\towerdef.b3b881ec.tlog\link.7988.write.1.tlog
c:\egor\programming\cfu_project\towerdeffenceslobodskoy\debug\towerdef.b3b881ec.tlog\link.command.1.tlog
c:\egor\programming\cfu_project\towerdeffenceslobodskoy\debug\towerdef.b3b881ec.tlog\link.read.1.tlog
c:\egor\programming\cfu_project\towerdeffenceslobodskoy\debug\towerdef.b3b881ec.tlog\link.write.1.tlog
