  main.cpp
C:\Egor\Programming\CFU_Project\TowerDeffenceSLobodskoy\MapClass.h(47,37): warning C4244: аргумент: преобразование "int" в "float", возможна потеря данных
C:\Egor\Programming\CFU_Project\TowerDeffenceSLobodskoy\MapClass.h(47,29): warning C4244: аргумент: преобразование "int" в "float", возможна потеря данных
C:\Egor\Programming\CFU_Project\TowerDeffenceSLobodskoy\map.h(23,36): warning C4244: аргумент: преобразование "int" в "float", возможна потеря данных
C:\Egor\Programming\CFU_Project\TowerDeffenceSLobodskoy\map.h(23,28): warning C4244: аргумент: преобразование "int" в "float", возможна потеря данных
C:\Egor\Programming\CFU_Project\TowerDeffenceSLobodskoy\Classes.h(24,38): warning C4244: аргумент: преобразование "int" в "float", возможна потеря данных
C:\Egor\Programming\CFU_Project\TowerDeffenceSLobodskoy\Classes.h(24,26): warning C4244: аргумент: преобразование "int" в "float", возможна потеря данных
C:\Egor\Programming\CFU_Project\TowerDeffenceSLobodskoy\Classes.h(28,53): warning C4244: аргумент: преобразование "int" в "T", возможна потеря данных
          with
          [
              T=float
          ]
C:\Egor\Programming\CFU_Project\TowerDeffenceSLobodskoy\Classes.h(28,46): warning C4244: аргумент: преобразование "int" в "T", возможна потеря данных
          with
          [
              T=float
          ]
C:\Egor\Programming\CFU_Project\TowerDeffenceSLobodskoy\Classes.h(116,1): warning C4305: =: усечение из "double" в "float"
C:\Egor\Programming\CFU_Project\TowerDeffenceSLobodskoy\Classes.h(121,1): warning C4305: =: усечение из "double" в "float"
C:\Egor\Programming\CFU_Project\TowerDeffenceSLobodskoy\Classes.h(126,1): warning C4305: =: усечение из "double" в "float"
C:\Egor\Programming\CFU_Project\TowerDeffenceSLobodskoy\Classes.h(211,1): warning C4305: =: усечение из "double" в "float"
C:\Egor\Programming\CFU_Project\TowerDeffenceSLobodskoy\View.h(14,47): warning C4244: аргумент: преобразование "double" в "float", возможна потеря данных
C:\Egor\Programming\CFU_Project\TowerDeffenceSLobodskoy\View.h(15,24): warning C4018: >: несоответствие типов со знаком и без знака
C:\Egor\Programming\CFU_Project\TowerDeffenceSLobodskoy\View.h(15,67): warning C4244: аргумент: преобразование "double" в "float", возможна потеря данных
C:\Egor\Programming\CFU_Project\TowerDeffenceSLobodskoy\View.h(18,24): warning C4018: >: несоответствие типов со знаком и без знака
C:\Egor\Programming\CFU_Project\TowerDeffenceSLobodskoy\View.h(18,70): warning C4244: аргумент: преобразование "double" в "float", возможна потеря данных
C:\Egor\Programming\CFU_Project\TowerDeffenceSLobodskoy\View.h(19,50): warning C4244: аргумент: преобразование "double" в "float", возможна потеря данных
C:\Egor\Programming\CFU_Project\TowerDeffenceSLobodskoy\View.h(25,18): warning C4244: аргумент: преобразование "double" в "float", возможна потеря данных
C:\Egor\Programming\CFU_Project\TowerDeffenceSLobodskoy\View.h(29,21): warning C4244: аргумент: преобразование "double" в "float", возможна потеря данных
C:\Egor\Programming\CFU_Project\TowerDeffenceSLobodskoy\View.h(33,19): warning C4244: аргумент: преобразование "double" в "float", возможна потеря данных
C:\Egor\Programming\CFU_Project\TowerDeffenceSLobodskoy\View.h(36,22): warning C4244: аргумент: преобразование "double" в "float", возможна потеря данных
C:\Egor\Programming\CFU_Project\TowerDeffenceSLobodskoy\main.cpp(93,63): warning C4244: аргумент: преобразование "double" в "int", возможна потеря данных
C:\Egor\Programming\CFU_Project\TowerDeffenceSLobodskoy\main.cpp(93,57): warning C4244: аргумент: преобразование "double" в "int", возможна потеря данных
C:\Egor\Programming\CFU_Project\TowerDeffenceSLobodskoy\main.cpp(94,62): warning C4244: аргумент: преобразование "double" в "int", возможна потеря данных
C:\Egor\Programming\CFU_Project\TowerDeffenceSLobodskoy\main.cpp(94,56): warning C4244: аргумент: преобразование "double" в "int", возможна потеря данных
C:\Egor\Programming\CFU_Project\TowerDeffenceSLobodskoy\main.cpp(102,14): warning C4244: инициализация: преобразование "sf::Int64" в "float", возможна потеря данных
C:\Egor\Programming\CFU_Project\TowerDeffenceSLobodskoy\main.cpp(103,68): warning C4244: =: преобразование "float" в "int", возможна потеря данных
C:\Egor\Programming\CFU_Project\TowerDeffenceSLobodskoy\main.cpp(104,24): warning C4305: аргумент: усечение из "double" в "float"
  TowerDeffenceSLobodskoy.vcxproj -> C:\Egor\Programming\CFU_Project\TowerDeffenceSLobodskoy\Debug\TowerDeffenceSLobodskoy.exe
