  Enemy.cpp
C:\Egor\Programming\CFU_Project\Cli-Serv TD Slobodskoy\TD Slobodskoy Server\Classes\Enemy.cpp(82,38): warning C4244: =: преобразование "double" в "float", возможна потеря данных
  Entity.cpp
C:\Egor\Programming\CFU_Project\Cli-Serv TD Slobodskoy\TD Slobodskoy Server\Classes\Entity.cpp(23,37): warning C4244: аргумент: преобразование "int" в "float", возможна потеря данных
C:\Egor\Programming\CFU_Project\Cli-Serv TD Slobodskoy\TD Slobodskoy Server\Classes\Entity.cpp(23,25): warning C4244: аргумент: преобразование "int" в "float", возможна потеря данных
C:\Egor\Programming\CFU_Project\Cli-Serv TD Slobodskoy\TD Slobodskoy Server\Classes\Entity.cpp(34,52): warning C4244: аргумент: преобразование "int" в "T", возможна потеря данных
          with
          [
              T=float
          ]
C:\Egor\Programming\CFU_Project\Cli-Serv TD Slobodskoy\TD Slobodskoy Server\Classes\Entity.cpp(34,45): warning C4244: аргумент: преобразование "int" в "T", возможна потеря данных
          with
          [
              T=float
          ]
  Projectale.cpp
  Scene.cpp
  Tower.cpp
  EnemiesFactory.cpp
  TowersFactory.cpp
  main - Server.cpp
C:\Egor\Programming\CFU_Project\Cli-Serv TD Slobodskoy\TD Slobodskoy Server\main - Server.cpp(84,68): warning C4244: =: преобразование "float" в "int", возможна потеря данных
  Создание кода...
  TD Slobodskoy Server.vcxproj -> C:\Egor\Programming\CFU_Project\Cli-Serv TD Slobodskoy\TD Slobodskoy Server\Debug\TD Slobodskoy Server.exe
